# JRE version: OpenJDK Runtime Environment (8.0_152-b01) (build 1.8.0_152-release-1343-b01)
# Java VM: OpenJDK 64-Bit Server VM (25.152-b01 mixed mode windows-amd64 compressed oops)
Heap:
 PSYoungGen      total 376832K, used 13746K [0x00000000e0000000, 0x00000000ff500000, 0x0000000100000000)
  eden space 243712K, 0% used [0x00000000e0000000,0x00000000e0000000,0x00000000eee00000)
  from space 133120K, 10% used [0x00000000f7300000,0x00000000f806cb58,0x00000000ff500000)
  to   space 134656K, 0% used [0x00000000eee00000,0x00000000eee00000,0x00000000f7180000)
 ParOldGen       total 354304K, used 220708K [0x00000000a0000000, 0x00000000b5a00000, 0x00000000e0000000)
  object space 354304K, 62% used [0x00000000a0000000,0x00000000ad7892e0,0x00000000b5a00000)
 Metaspace       used 110277K, capacity 115737K, committed 115928K, reserved 1150976K
  class space    used 13697K, capacity 14764K, committed 14848K, reserved 1048576K
GC Heap History (10 events):
Event: 1453.383 GC heap after
Heap after GC invocations=59 (full 5):
 PSYoungGen      total 381952K, used 85371K [0x00000000e0000000, 0x0000000100000000, 0x0000000100000000)
  eden space 250880K, 0% used [0x00000000e0000000,0x00000000e0000000,0x00000000ef500000)
  from space 131072K, 65% used [0x00000000f8000000,0x00000000fd35eee8,0x0000000100000000)
  to   space 136704K, 0% used [0x00000000ef500000,0x00000000ef500000,0x00000000f7a80000)
 ParOldGen       total 354304K, used 138126K [0x00000000a0000000, 0x00000000b5a00000, 0x00000000e0000000)
  object space 354304K, 38% used [0x00000000a0000000,0x00000000a86e3b00,0x00000000b5a00000)
 Metaspace       used 103742K, capacity 108618K, committed 108888K, reserved 1144832K
  class space    used 12925K, capacity 13864K, committed 13952K, reserved 1048576K
}
Event: 5858.751 GC heap before
{Heap before GC invocations=60 (full 5):
 PSYoungGen      total 381952K, used 336251K [0x00000000e0000000, 0x0000000100000000, 0x0000000100000000)
  eden space 250880K, 100% used [0x00000000e0000000,0x00000000ef500000,0x00000000ef500000)
  from space 131072K, 65% used [0x00000000f8000000,0x00000000fd35eee8,0x0000000100000000)
  to   space 136704K, 0% used [0x00000000ef500000,0x00000000ef500000,0x00000000f7a80000)
 ParOldGen       total 354304K, used 138126K [0x00000000a0000000, 0x00000000b5a00000, 0x00000000e0000000)
  object space 354304K, 38% used [0x00000000a0000000,0x00000000a86e3b00,0x00000000b5a00000)
 Metaspace       used 104705K, capacity 110005K, committed 110040K, reserved 1144832K
  class space    used 13026K, capacity 14068K, committed 14080K, reserved 1048576K
Event: 5859.081 GC heap after
Heap after GC invocations=60 (full 5):
 PSYoungGen      total 344576K, used 93478K [0x00000000e0000000, 0x0000000100000000, 0x0000000100000000)
  eden space 250880K, 0% used [0x00000000e0000000,0x00000000e0000000,0x00000000ef500000)
  from space 93696K, 99% used [0x00000000ef500000,0x00000000f5049b48,0x00000000f5080000)
  to   space 143360K, 0% used [0x00000000f7400000,0x00000000f7400000,0x0000000100000000)
 ParOldGen       total 354304K, used 138126K [0x00000000a0000000, 0x00000000b5a00000, 0x00000000e0000000)
  object space 354304K, 38% used [0x00000000a0000000,0x00000000a86e3b00,0x00000000b5a00000)
 Metaspace       used 104705K, capacity 110005K, committed 110040K, reserved 1144832K
  class space    used 13026K, capacity 14068K, committed 14080K, reserved 1048576K
}
Event: 5872.204 GC heap before
{Heap before GC invocations=61 (full 5):
 PSYoungGen      total 344576K, used 344358K [0x00000000e0000000, 0x0000000100000000, 0x0000000100000000)
  eden space 250880K, 100% used [0x00000000e0000000,0x00000000ef500000,0x00000000ef500000)
  from space 93696K, 99% used [0x00000000ef500000,0x00000000f5049b48,0x00000000f5080000)
  to   space 143360K, 0% used [0x00000000f7400000,0x00000000f7400000,0x0000000100000000)
 ParOldGen       total 354304K, used 138126K [0x00000000a0000000, 0x00000000b5a00000, 0x00000000e0000000)
  object space 354304K, 38% used [0x00000000a0000000,0x00000000a86e3b00,0x00000000b5a00000)
 Metaspace       used 108016K, capacity 113343K, committed 113624K, reserved 1148928K
  class space    used 13434K, capacity 14493K, committed 14592K, reserved 1048576K
Event: 5872.430 GC heap after
Heap after GC invocations=61 (full 5):
 PSYoungGen      total 387072K, used 63353K [0x00000000e0000000, 0x0000000100000000, 0x0000000100000000)
  eden space 243712K, 0% used [0x00000000e0000000,0x00000000e0000000,0x00000000eee00000)
  from space 143360K, 44% used [0x00000000f7400000,0x00000000fb1de578,0x0000000100000000)
  to   space 137216K, 0% used [0x00000000eee00000,0x00000000eee00000,0x00000000f7400000)
 ParOldGen       total 354304K, used 203006K [0x00000000a0000000, 0x00000000b5a00000, 0x00000000e0000000)
  object space 354304K, 57% used [0x00000000a0000000,0x00000000ac63f8f0,0x00000000b5a00000)
 Metaspace       used 108016K, capacity 113343K, committed 113624K, reserved 1148928K
  class space    used 13434K, capacity 14493K, committed 14592K, reserved 1048576K
}
Event: 5917.691 GC heap before
{Heap before GC invocations=62 (full 5):
 PSYoungGen      total 387072K, used 307065K [0x00000000e0000000, 0x0000000100000000, 0x0000000100000000)
  eden space 243712K, 100% used [0x00000000e0000000,0x00000000eee00000,0x00000000eee00000)
  from space 143360K, 44% used [0x00000000f7400000,0x00000000fb1de578,0x0000000100000000)
  to   space 137216K, 0% used [0x00000000eee00000,0x00000000eee00000,0x00000000f7400000)
 ParOldGen       total 354304K, used 203006K [0x00000000a0000000, 0x00000000b5a00000, 0x00000000e0000000)
  object space 354304K, 57% used [0x00000000a0000000,0x00000000ac63f8f0,0x00000000b5a00000)
 Metaspace       used 109074K, capacity 114529K, committed 114776K, reserved 1148928K
  class space    used 13515K, capacity 14600K, committed 14720K, reserved 1048576K
Event: 5917.747 GC heap after
Heap after GC invocations=62 (full 5):
 PSYoungGen      total 259584K, used 15575K [0x00000000e0000000, 0x00000000ff800000, 0x0000000100000000)
  eden space 243712K, 0% used [0x00000000e0000000,0x00000000e0000000,0x00000000eee00000)
  from space 15872K, 98% used [0x00000000eee00000,0x00000000efd35c58,0x00000000efd80000)
  to   space 136192K, 0% used [0x00000000f7300000,0x00000000f7300000,0x00000000ff800000)
 ParOldGen       total 354304K, used 218761K [0x00000000a0000000, 0x00000000b5a00000, 0x00000000e0000000)
  object space 354304K, 61% used [0x00000000a0000000,0x00000000ad5a2728,0x00000000b5a00000)
 Metaspace       used 109074K, capacity 114529K, committed 114776K, reserved 1148928K
  class space    used 13515K, capacity 14600K, committed 14720K, reserved 1048576K
}
Event: 5929.498 GC heap before
{Heap before GC invocations=63 (full 5):
 PSYoungGen      total 259584K, used 66725K [0x00000000e0000000, 0x00000000ff800000, 0x0000000100000000)
  eden space 243712K, 20% used [0x00000000e0000000,0x00000000e31f3b98,0x00000000eee00000)
  from space 15872K, 98% used [0x00000000eee00000,0x00000000efd35c58,0x00000000efd80000)
  to   space 136192K, 0% used [0x00000000f7300000,0x00000000f7300000,0x00000000ff800000)
 ParOldGen       total 354304K, used 218761K [0x00000000a0000000, 0x00000000b5a00000, 0x00000000e0000000)
  object space 354304K, 61% used [0x00000000a0000000,0x00000000ad5a2728,0x00000000b5a00000)
 Metaspace       used 110277K, capacity 115737K, committed 115928K, reserved 1150976K
  class space    used 13697K, capacity 14764K, committed 14848K, reserved 1048576K
Event: 5929.538 GC heap after
Heap after GC invocations=63 (full 5):
 PSYoungGen      total 376832K, used 13746K [0x00000000e0000000, 0x00000000ff500000, 0x0000000100000000)
  eden space 243712K, 0% used [0x00000000e0000000,0x00000000e0000000,0x00000000eee00000)
  from space 133120K, 10% used [0x00000000f7300000,0x00000000f806cb58,0x00000000ff500000)
  to   space 134656K, 0% used [0x00000000eee00000,0x00000000eee00000,0x00000000f7180000)
 ParOldGen       total 354304K, used 220708K [0x00000000a0000000, 0x00000000b5a00000, 0x00000000e0000000)
  object space 354304K, 62% used [0x00000000a0000000,0x00000000ad7892e0,0x00000000b5a00000)
 Metaspace       used 110277K, capacity 115737K, committed 115928K, reserved 1150976K
  class space    used 13697K, capacity 14764K, committed 14848K, reserved 1048576K
}
Event: 5929.538 GC heap before
{Heap before GC invocations=64 (full 6):
 PSYoungGen      total 376832K, used 13746K [0x00000000e0000000, 0x00000000ff500000, 0x0000000100000000)
  eden space 243712K, 0% used [0x00000000e0000000,0x00000000e0000000,0x00000000eee00000)
  from space 133120K, 10% used [0x00000000f7300000,0x00000000f806cb58,0x00000000ff500000)
  to   space 134656K, 0% used [0x00000000eee00000,0x00000000eee00000,0x00000000f7180000)
 ParOldGen       total 354304K, used 220708K [0x00000000a0000000, 0x00000000b5a00000, 0x00000000e0000000)
  object space 354304K, 62% used [0x00000000a0000000,0x00000000ad7892e0,0x00000000b5a00000)
 Metaspace       used 110277K, capacity 115737K, committed 115928K, reserved 1150976K
  class space    used 13697K, capacity 14764K, committed 14848K, reserved 1048576K

