# JRE version: OpenJDK Runtime Environment (8.0_152-b01) (build 1.8.0_152-release-1343-b01)
# Java VM: OpenJDK 64-Bit Server VM (25.152-b01 mixed mode windows-amd64 compressed oops)
Heap:
 PSYoungGen      total 180736K, used 25872K [0x00000000e0000000, 0x00000000f0080000, 0x0000000100000000)
  eden space 146944K, 0% used [0x00000000e0000000,0x00000000e0000000,0x00000000e8f80000)
  from space 33792K, 76% used [0x00000000e8f80000,0x00000000ea8c4120,0x00000000eb080000)
  to   space 36352K, 0% used [0x00000000edd00000,0x00000000edd00000,0x00000000f0080000)
 ParOldGen       total 72704K, used 64217K [0x00000000a0000000, 0x00000000a4700000, 0x00000000e0000000)
  object space 72704K, 88% used [0x00000000a0000000,0x00000000a3eb66f8,0x00000000a4700000)
 Metaspace       used 57883K, capacity 59029K, committed 59136K, reserved 1101824K
  class space    used 7288K, capacity 7593K, committed 7680K, reserved 1048576K
GC Heap History (10 events):
Event: 21.349 GC heap after
Heap after GC invocations=10 (full 3):
 PSYoungGen      total 66560K, used 0K [0x00000000e0000000, 0x00000000e7a00000, 0x0000000100000000)
  eden space 53760K, 0% used [0x00000000e0000000,0x00000000e0000000,0x00000000e3480000)
  from space 12800K, 0% used [0x00000000e3480000,0x00000000e3480000,0x00000000e4100000)
  to   space 14848K, 0% used [0x00000000e6b80000,0x00000000e6b80000,0x00000000e7a00000)
 ParOldGen       total 72704K, used 21118K [0x00000000a0000000, 0x00000000a4700000, 0x00000000e0000000)
  object space 72704K, 29% used [0x00000000a0000000,0x00000000a149fba0,0x00000000a4700000)
 Metaspace       used 34748K, capacity 35295K, committed 35496K, reserved 1081344K
  class space    used 4463K, capacity 4580K, committed 4608K, reserved 1048576K
}
Event: 26.663 GC heap before
{Heap before GC invocations=11 (full 3):
 PSYoungGen      total 66560K, used 53760K [0x00000000e0000000, 0x00000000e7a00000, 0x0000000100000000)
  eden space 53760K, 100% used [0x00000000e0000000,0x00000000e3480000,0x00000000e3480000)
  from space 12800K, 0% used [0x00000000e3480000,0x00000000e3480000,0x00000000e4100000)
  to   space 14848K, 0% used [0x00000000e6b80000,0x00000000e6b80000,0x00000000e7a00000)
 ParOldGen       total 72704K, used 21118K [0x00000000a0000000, 0x00000000a4700000, 0x00000000e0000000)
  object space 72704K, 29% used [0x00000000a0000000,0x00000000a149fba0,0x00000000a4700000)
 Metaspace       used 42369K, capacity 43061K, committed 43392K, reserved 1087488K
  class space    used 5460K, capacity 5675K, committed 5760K, reserved 1048576K
Event: 26.686 GC heap after
Heap after GC invocations=11 (full 3):
 PSYoungGen      total 107520K, used 14830K [0x00000000e0000000, 0x00000000e7f00000, 0x0000000100000000)
  eden space 92672K, 0% used [0x00000000e0000000,0x00000000e0000000,0x00000000e5a80000)
  from space 14848K, 99% used [0x00000000e6b80000,0x00000000e79fb828,0x00000000e7a00000)
  to   space 17408K, 0% used [0x00000000e5a80000,0x00000000e5a80000,0x00000000e6b80000)
 ParOldGen       total 72704K, used 22138K [0x00000000a0000000, 0x00000000a4700000, 0x00000000e0000000)
  object space 72704K, 30% used [0x00000000a0000000,0x00000000a159e910,0x00000000a4700000)
 Metaspace       used 42369K, capacity 43061K, committed 43392K, reserved 1087488K
  class space    used 5460K, capacity 5675K, committed 5760K, reserved 1048576K
}
Event: 30.145 GC heap before
{Heap before GC invocations=12 (full 3):
 PSYoungGen      total 107520K, used 107502K [0x00000000e0000000, 0x00000000e7f00000, 0x0000000100000000)
  eden space 92672K, 100% used [0x00000000e0000000,0x00000000e5a80000,0x00000000e5a80000)
  from space 14848K, 99% used [0x00000000e6b80000,0x00000000e79fb828,0x00000000e7a00000)
  to   space 17408K, 0% used [0x00000000e5a80000,0x00000000e5a80000,0x00000000e6b80000)
 ParOldGen       total 72704K, used 22138K [0x00000000a0000000, 0x00000000a4700000, 0x00000000e0000000)
  object space 72704K, 30% used [0x00000000a0000000,0x00000000a159e910,0x00000000a4700000)
 Metaspace       used 47336K, capacity 48147K, committed 48640K, reserved 1091584K
  class space    used 6055K, capacity 6296K, committed 6400K, reserved 1048576K
Event: 30.190 GC heap after
Heap after GC invocations=12 (full 3):
 PSYoungGen      total 110080K, used 17407K [0x00000000e0000000, 0x00000000ed180000, 0x0000000100000000)
  eden space 92672K, 0% used [0x00000000e0000000,0x00000000e0000000,0x00000000e5a80000)
  from space 17408K, 99% used [0x00000000e5a80000,0x00000000e6b7fd80,0x00000000e6b80000)
  to   space 26624K, 0% used [0x00000000eb780000,0x00000000eb780000,0x00000000ed180000)
 ParOldGen       total 72704K, used 38428K [0x00000000a0000000, 0x00000000a4700000, 0x00000000e0000000)
  object space 72704K, 52% used [0x00000000a0000000,0x00000000a25871d0,0x00000000a4700000)
 Metaspace       used 47336K, capacity 48147K, committed 48640K, reserved 1091584K
  class space    used 6055K, capacity 6296K, committed 6400K, reserved 1048576K
}
Event: 34.912 GC heap before
{Heap before GC invocations=13 (full 3):
 PSYoungGen      total 110080K, used 110079K [0x00000000e0000000, 0x00000000ed180000, 0x0000000100000000)
  eden space 92672K, 100% used [0x00000000e0000000,0x00000000e5a80000,0x00000000e5a80000)
  from space 17408K, 99% used [0x00000000e5a80000,0x00000000e6b7fd80,0x00000000e6b80000)
  to   space 26624K, 0% used [0x00000000eb780000,0x00000000eb780000,0x00000000ed180000)
 ParOldGen       total 72704K, used 38428K [0x00000000a0000000, 0x00000000a4700000, 0x00000000e0000000)
  object space 72704K, 52% used [0x00000000a0000000,0x00000000a25871d0,0x00000000a4700000)
 Metaspace       used 54163K, capacity 55243K, committed 55424K, reserved 1097728K
  class space    used 6906K, capacity 7198K, committed 7296K, reserved 1048576K
Event: 34.987 GC heap after
Heap after GC invocations=13 (full 3):
 PSYoungGen      total 159744K, used 26599K [0x00000000e0000000, 0x00000000ed180000, 0x0000000100000000)
  eden space 133120K, 0% used [0x00000000e0000000,0x00000000e0000000,0x00000000e8200000)
  from space 26624K, 99% used [0x00000000eb780000,0x00000000ed179d00,0x00000000ed180000)
  to   space 33792K, 0% used [0x00000000e8f80000,0x00000000e8f80000,0x00000000eb080000)
 ParOldGen       total 72704K, used 47258K [0x00000000a0000000, 0x00000000a4700000, 0x00000000e0000000)
  object space 72704K, 65% used [0x00000000a0000000,0x00000000a2e26b78,0x00000000a4700000)
 Metaspace       used 54163K, capacity 55243K, committed 55424K, reserved 1097728K
  class space    used 6906K, capacity 7198K, committed 7296K, reserved 1048576K
}
Event: 38.734 GC heap before
{Heap before GC invocations=14 (full 3):
 PSYoungGen      total 159744K, used 137193K [0x00000000e0000000, 0x00000000ed180000, 0x0000000100000000)
  eden space 133120K, 83% used [0x00000000e0000000,0x00000000e6c00a90,0x00000000e8200000)
  from space 26624K, 99% used [0x00000000eb780000,0x00000000ed179d00,0x00000000ed180000)
  to   space 33792K, 0% used [0x00000000e8f80000,0x00000000e8f80000,0x00000000eb080000)
 ParOldGen       total 72704K, used 47258K [0x00000000a0000000, 0x00000000a4700000, 0x00000000e0000000)
  object space 72704K, 65% used [0x00000000a0000000,0x00000000a2e26b78,0x00000000a4700000)
 Metaspace       used 57883K, capacity 59029K, committed 59136K, reserved 1101824K
  class space    used 7288K, capacity 7593K, committed 7680K, reserved 1048576K
Event: 38.813 GC heap after
Heap after GC invocations=14 (full 3):
 PSYoungGen      total 180736K, used 25872K [0x00000000e0000000, 0x00000000f0080000, 0x0000000100000000)
  eden space 146944K, 0% used [0x00000000e0000000,0x00000000e0000000,0x00000000e8f80000)
  from space 33792K, 76% used [0x00000000e8f80000,0x00000000ea8c4120,0x00000000eb080000)
  to   space 36352K, 0% used [0x00000000edd00000,0x00000000edd00000,0x00000000f0080000)
 ParOldGen       total 72704K, used 64217K [0x00000000a0000000, 0x00000000a4700000, 0x00000000e0000000)
  object space 72704K, 88% used [0x00000000a0000000,0x00000000a3eb66f8,0x00000000a4700000)
 Metaspace       used 57883K, capacity 59029K, committed 59136K, reserved 1101824K
  class space    used 7288K, capacity 7593K, committed 7680K, reserved 1048576K
}
Event: 38.813 GC heap before
{Heap before GC invocations=15 (full 4):
 PSYoungGen      total 180736K, used 25872K [0x00000000e0000000, 0x00000000f0080000, 0x0000000100000000)
  eden space 146944K, 0% used [0x00000000e0000000,0x00000000e0000000,0x00000000e8f80000)
  from space 33792K, 76% used [0x00000000e8f80000,0x00000000ea8c4120,0x00000000eb080000)
  to   space 36352K, 0% used [0x00000000edd00000,0x00000000edd00000,0x00000000f0080000)
 ParOldGen       total 72704K, used 64217K [0x00000000a0000000, 0x00000000a4700000, 0x00000000e0000000)
  object space 72704K, 88% used [0x00000000a0000000,0x00000000a3eb66f8,0x00000000a4700000)
 Metaspace       used 57883K, capacity 59029K, committed 59136K, reserved 1101824K
  class space    used 7288K, capacity 7593K, committed 7680K, reserved 1048576K

